<?xml version="1.0" encoding="UTF-8"?>
<testsuite xmlns:xsi="http://www.w3.org/2001/XMLSchema-instance" xsi:noNamespaceSchemaLocation="https://maven.apache.org/surefire/maven-surefire-plugin/xsd/surefire-test-report-3.0.xsd" version="3.0" name="cr.ac.ucr.paraiso.progra2.polimorfismo.empleado.EmpleadoTest" time="0.095" tests="1" errors="0" skipped="0" failures="0">
  <properties>
[...]
</properties>
  <testcase name="testGanancias" classname="cr.ac.ucr.paraiso.progra2.polimorfismo.empleado.EmpleadoTest" time="0.064">
    <system-out><![CDATA[Juana --> 150000.0
Carlos --> 41500.0
]]></system-out>
  </testcase>
</testsuite>